--- CRASH HUNTER STARTED ---
Batch 0 Start | Seq Lengths: [860, 901, 901, 901, 782, 900, 901, 901, 899, 782, 901, 901, 901, 782, 901, 901] | x_batch: [14416, 60, 42]
Batch 0 Executing Forward Pass...
Batch 0 Executing CustomMSELoss (Base)...
Batch 0 Executing CustomMSELoss (Delta)...
Batch 0 Executing Backward Pass...
Batch 0 Executing Gradient Clipping...
Batch 0 Executing Optimizer Step...
Batch 0 ENDED SUCCESSFULLY.

Batch 1 Start | Seq Lengths: [901, 901, 782, 901, 896, 901, 901, 765, 899, 897, 894, 901, 781, 901, 852, 892] | x_batch: [14416, 60, 42]
Batch 1 Executing Forward Pass...
Batch 1 Executing CustomMSELoss (Base)...
Batch 1 Executing CustomMSELoss (Delta)...
Batch 1 Executing Backward Pass...
Batch 1 Executing Gradient Clipping...
Batch 1 Executing Optimizer Step...
Batch 1 ENDED SUCCESSFULLY.

Batch 2 Start | Seq Lengths: [767, 900, 850, 880, 891, 776, 901, 901, 901, 826, 773, 898, 901, 899, 892, 770] | x_batch: [14416, 60, 42]
Batch 2 Executing Forward Pass...
Batch 2 Executing CustomMSELoss (Base)...
Batch 2 Executing CustomMSELoss (Delta)...
Batch 2 Executing Backward Pass...
Batch 2 Executing Gradient Clipping...
Batch 2 Executing Optimizer Step...
Batch 2 ENDED SUCCESSFULLY.

Batch 3 Start | Seq Lengths: [869, 901, 867, 901, 727, 871, 900, 901, 897, 901, 901, 898, 794, 780, 873, 900] | x_batch: [14416, 60, 42]
Batch 3 Executing Forward Pass...
Batch 3 Executing CustomMSELoss (Base)...
Batch 3 Executing CustomMSELoss (Delta)...
Batch 3 Executing Backward Pass...
Batch 3 Executing Gradient Clipping...
Batch 3 Executing Optimizer Step...
Batch 3 ENDED SUCCESSFULLY.

Batch 4 Start | Seq Lengths: [874, 896, 778, 901, 855, 901, 900, 758, 901, 898, 883, 860, 731, 882, 901, 901] | x_batch: [14416, 60, 42]
Batch 4 Executing Forward Pass...
Batch 4 Executing CustomMSELoss (Base)...
Batch 4 Executing CustomMSELoss (Delta)...
Batch 4 Executing Backward Pass...
Batch 4 Executing Gradient Clipping...
Batch 4 Executing Optimizer Step...
Batch 4 ENDED SUCCESSFULLY.

Batch 5 Start | Seq Lengths: [900, 781, 901, 901, 901, 824, 773, 879, 869, 869, 901, 781, 786, 901, 879, 901] | x_batch: [14416, 60, 42]
Batch 5 Executing Forward Pass...
Batch 5 Executing CustomMSELoss (Base)...
Batch 5 Executing CustomMSELoss (Delta)...
Batch 5 Executing Backward Pass...
Batch 5 Executing Gradient Clipping...
Batch 5 Executing Optimizer Step...
Batch 5 ENDED SUCCESSFULLY.

Batch 6 Start | Seq Lengths: [776, 897, 867, 901, 897, 757, 901, 901, 901, 677, 872, 901, 751, 871, 778, 901] | x_batch: [14416, 60, 42]
Batch 6 Executing Forward Pass...
Batch 6 Executing CustomMSELoss (Base)...
Batch 6 Executing CustomMSELoss (Delta)...
Batch 6 Executing Backward Pass...
Batch 6 Executing Gradient Clipping...
Batch 6 Executing Optimizer Step...
Batch 6 ENDED SUCCESSFULLY.

Batch 7 Start | Seq Lengths: [900, 876, 901, 753, 901, 900, 867, 867, 780, 878, 901, 878, 894, 778, 900, 897] | x_batch: [14416, 60, 42]
Batch 7 Executing Forward Pass...
Batch 7 Executing CustomMSELoss (Base)...
Batch 7 Executing CustomMSELoss (Delta)...
Batch 7 Executing Backward Pass...
Batch 7 Executing Gradient Clipping...
Batch 7 Executing Optimizer Step...
Batch 7 ENDED SUCCESSFULLY.

Batch 8 Start | Seq Lengths: [790, 767, 888, 901, 901, 901, 773, 901, 888, 891, 833, 758, 901, 897, 901, 777] | x_batch: [14416, 60, 42]
Batch 8 Executing Forward Pass...
Batch 8 Executing CustomMSELoss (Base)...
Batch 8 Executing CustomMSELoss (Delta)...
Batch 8 Executing Backward Pass...
Batch 8 Executing Gradient Clipping...
Batch 8 Executing Optimizer Step...
Batch 8 ENDED SUCCESSFULLY.

Batch 9 Start | Seq Lengths: [901, 901, 897, 879, 884, 781, 892, 898, 900, 751, 748, 858, 901, 899, 866, 773] | x_batch: [14416, 60, 42]
Batch 9 Executing Forward Pass...
Batch 9 Executing CustomMSELoss (Base)...
Batch 9 Executing CustomMSELoss (Delta)...
Batch 9 Executing Backward Pass...
Batch 9 Executing Gradient Clipping...
Batch 9 Executing Optimizer Step...
Batch 9 ENDED SUCCESSFULLY.

Batch 10 Start | Seq Lengths: [901, 896, 889, 901, 751, 896, 901, 900, 858, 762, 899, 899, 901, 781, 901, 901] | x_batch: [14416, 60, 42]
Batch 10 Executing Forward Pass...
Batch 10 Executing CustomMSELoss (Base)...
Batch 10 Executing CustomMSELoss (Delta)...
Batch 10 Executing Backward Pass...
Batch 10 Executing Gradient Clipping...
Batch 10 Executing Optimizer Step...
Batch 10 ENDED SUCCESSFULLY.

Batch 11 Start | Seq Lengths: [892, 900, 781, 901, 901, 899, 897, 749, 901, 884, 900, 900, 781, 821, 894, 901] | x_batch: [14416, 60, 42]
Batch 11 Executing Forward Pass...
Batch 11 Executing CustomMSELoss (Base)...
Batch 11 Executing CustomMSELoss (Delta)...
Batch 11 Executing Backward Pass...
Batch 11 Executing Gradient Clipping...
Batch 11 Executing Optimizer Step...
Batch 11 ENDED SUCCESSFULLY.

Batch 12 Start | Seq Lengths: [784, 608, 901, 900, 900, 901, 669, 901, 901, 873, 821, 781, 901, 901, 897, 899] | x_batch: [14416, 60, 42]
Batch 12 Executing Forward Pass...
Batch 12 Executing CustomMSELoss (Base)...
Batch 12 Executing CustomMSELoss (Delta)...
Batch 12 Executing Backward Pass...
Batch 12 Executing Gradient Clipping...
Batch 12 Executing Optimizer Step...
Batch 12 ENDED SUCCESSFULLY.

Batch 13 Start | Seq Lengths: [778, 900, 812, 900, 901, 779, 901, 901, 898, 901, 774, 885, 871, 884, 894, 779] | x_batch: [14416, 60, 42]
Batch 13 Executing Forward Pass...
Batch 13 Executing CustomMSELoss (Base)...
Batch 13 Executing CustomMSELoss (Delta)...
Batch 13 Executing Backward Pass...
Batch 13 Executing Gradient Clipping...
Batch 13 Executing Optimizer Step...
Batch 13 ENDED SUCCESSFULLY.

Batch 14 Start | Seq Lengths: [901, 901, 898, 696, 901, 897, 762, 880, 775, 901, 884, 872, 718, 776, 890, 901] | x_batch: [14416, 60, 42]
Batch 14 Executing Forward Pass...
Batch 14 Executing CustomMSELoss (Base)...
Batch 14 Executing CustomMSELoss (Delta)...
Batch 14 Executing Backward Pass...
Batch 14 Executing Gradient Clipping...
Batch 14 Executing Optimizer Step...
Batch 14 ENDED SUCCESSFULLY.

Batch 15 Start | Seq Lengths: [831, 890, 770, 884, 867, 776, 901, 655, 840, 809, 883, 781, 892, 885, 716, 659] | x_batch: [14416, 60, 42]
Batch 15 Executing Forward Pass...
Batch 15 Executing CustomMSELoss (Base)...
Batch 15 Executing CustomMSELoss (Delta)...
Batch 15 Executing Backward Pass...
Batch 15 Executing Gradient Clipping...
Batch 15 Executing Optimizer Step...
Batch 15 ENDED SUCCESSFULLY.

Batch 16 Start | Seq Lengths: [897, 771, 901, 901, 596, 901, 895, 794, 763, 896, 899, 901, 900, 725, 895, 877] | x_batch: [14416, 60, 42]
Batch 16 Executing Forward Pass...
Batch 16 Executing CustomMSELoss (Base)...
Batch 16 Executing CustomMSELoss (Delta)...
Batch 16 Executing Backward Pass...
Batch 16 Executing Gradient Clipping...
Batch 16 Executing Optimizer Step...
Batch 16 ENDED SUCCESSFULLY.

Batch 17 Start | Seq Lengths: [900, 898, 696, 895, 901, 832, 900, 778, 879, 901, 901, 890, 761, 901, 901, 836] | x_batch: [14416, 60, 42]
Batch 17 Executing Forward Pass...
Batch 17 Executing CustomMSELoss (Base)...
Batch 17 Executing CustomMSELoss (Delta)...
Batch 17 Executing Backward Pass...
Batch 17 Executing Gradient Clipping...
Batch 17 Executing Optimizer Step...
Batch 17 ENDED SUCCESSFULLY.

Batch 18 Start | Seq Lengths: [771, 873, 899, 901, 901, 664, 865, 803, 805, 897, 755, 839, 899, 899, 898, 745] | x_batch: [14416, 60, 42]
Batch 18 Executing Forward Pass...
Batch 18 Executing CustomMSELoss (Base)...
Batch 18 Executing CustomMSELoss (Delta)...
Batch 18 Executing Backward Pass...
Batch 18 Executing Gradient Clipping...
Batch 18 Executing Optimizer Step...
Batch 18 ENDED SUCCESSFULLY.

Batch 19 Start | Seq Lengths: [900, 901, 901, 880, 743, 901, 826, 899, 883, 768, 818, 901, 832, 882, 779, 894] | x_batch: [14416, 60, 42]
Batch 19 Executing Forward Pass...
Batch 19 Executing CustomMSELoss (Base)...
Batch 19 Executing CustomMSELoss (Delta)...
Batch 19 Executing Backward Pass...
Batch 19 Executing Gradient Clipping...
Batch 19 Executing Optimizer Step...
Batch 19 ENDED SUCCESSFULLY.

Batch 20 Start | Seq Lengths: [792, 900, 899, 735, 870, 850, 901, 705, 901, 880, 899, 892, 745, 893, 901, 901] | x_batch: [14416, 60, 42]
Batch 20 Executing Forward Pass...
Batch 20 Executing CustomMSELoss (Base)...
Batch 20 Executing CustomMSELoss (Delta)...
Batch 20 Executing Backward Pass...
Batch 20 Executing Gradient Clipping...
Batch 20 Executing Optimizer Step...
Batch 20 ENDED SUCCESSFULLY.

Batch 21 Start | Seq Lengths: [901, 750, 894, 900, 897, 901, 766, 898, 899, 901, 885, 780, 820, 901, 865, 855] | x_batch: [14416, 60, 42]
Batch 21 Executing Forward Pass...
Batch 21 Executing CustomMSELoss (Base)...
Batch 21 Executing CustomMSELoss (Delta)...
Batch 21 Executing Backward Pass...
Batch 21 Executing Gradient Clipping...
Batch 21 Executing Optimizer Step...
Batch 21 ENDED SUCCESSFULLY.

Batch 22 Start | Seq Lengths: [777, 901, 896, 900, 755, 901, 830, 815, 869, 749, 901, 898, 840, 901, 780, 901] | x_batch: [14416, 60, 42]
Batch 22 Executing Forward Pass...
Batch 22 Executing CustomMSELoss (Base)...
Batch 22 Executing CustomMSELoss (Delta)...
Batch 22 Executing Backward Pass...
Batch 22 Executing Gradient Clipping...
Batch 22 Executing Optimizer Step...
Batch 22 ENDED SUCCESSFULLY.

Batch 23 Start | Seq Lengths: [880, 901, 877, 644, 840, 899, 901, 884, 715, 703, 901, 813, 748, 900, 901, 828] | x_batch: [14416, 60, 42]
Batch 23 Executing Forward Pass...
Batch 23 Executing CustomMSELoss (Base)...
Batch 23 Executing CustomMSELoss (Delta)...
Batch 23 Executing Backward Pass...
Batch 23 Executing Gradient Clipping...
Batch 23 Executing Optimizer Step...
Batch 23 ENDED SUCCESSFULLY.

Batch 24 Start | Seq Lengths: [891, 775, 897, 883, 872, 900, 745, 799, 850, 890, 901, 747, 901, 901, 899, 901] | x_batch: [14416, 60, 42]
Batch 24 Executing Forward Pass...
Batch 24 Executing CustomMSELoss (Base)...
Batch 24 Executing CustomMSELoss (Delta)...
Batch 24 Executing Backward Pass...
Batch 24 Executing Gradient Clipping...
Batch 24 Executing Optimizer Step...
Batch 24 ENDED SUCCESSFULLY.

Batch 25 Start | Seq Lengths: [779, 898, 781, 899, 880, 768, 901, 897, 900, 894, 780, 901, 889, 838, 894, 671] | x_batch: [14416, 60, 42]
Batch 25 Executing Forward Pass...
Batch 25 Executing CustomMSELoss (Base)...
Batch 25 Executing CustomMSELoss (Delta)...
Batch 25 Executing Backward Pass...
Batch 25 Executing Gradient Clipping...
Batch 25 Executing Optimizer Step...
Batch 25 ENDED SUCCESSFULLY.

Batch 26 Start | Seq Lengths: [758, 901, 901, 901, 746, 901, 900, 857, 774, 901, 899, 901, 901, 676, 877, 897] | x_batch: [14416, 60, 42]
Batch 26 Executing Forward Pass...
Batch 26 Executing CustomMSELoss (Base)...
Batch 26 Executing CustomMSELoss (Delta)...
Batch 26 Executing Backward Pass...
Batch 26 Executing Gradient Clipping...
Batch 26 Executing Optimizer Step...
Batch 26 ENDED SUCCESSFULLY.

Batch 27 Start | Seq Lengths: [901, 900, 781, 901, 901, 892, 901, 780, 900, 900, 809, 862, 781, 892, 892, 888] | x_batch: [14416, 60, 42]
Batch 27 Executing Forward Pass...
Batch 27 Executing CustomMSELoss (Base)...
Batch 27 Executing CustomMSELoss (Delta)...
Batch 27 Executing Backward Pass...
Batch 27 Executing Gradient Clipping...
Batch 27 Executing Optimizer Step...
Batch 27 ENDED SUCCESSFULLY.

Batch 28 Start | Seq Lengths: [789, 771, 901, 901, 721, 901, 778, 875, 901, 868, 856, 759, 901, 901, 901, 900] | x_batch: [14416, 60, 42]
Batch 28 Executing Forward Pass...
Batch 28 Executing CustomMSELoss (Base)...
Batch 28 Executing CustomMSELoss (Delta)...
Batch 28 Executing Backward Pass...
Batch 28 Executing Gradient Clipping...
Batch 28 Executing Optimizer Step...
Batch 28 ENDED SUCCESSFULLY.

Batch 29 Start | Seq Lengths: [780, 901, 901, 893, 901, 768, 897, 897, 901, 901, 768, 855, 899, 890, 701, 901] | x_batch: [14416, 60, 42]
Batch 29 Executing Forward Pass...
Batch 29 Executing CustomMSELoss (Base)...
Batch 29 Executing CustomMSELoss (Delta)...
Batch 29 Executing Backward Pass...
Batch 29 Executing Gradient Clipping...
Batch 29 Executing Optimizer Step...
Batch 29 ENDED SUCCESSFULLY.

Batch 30 Start | Seq Lengths: [787, 799, 901, 780, 896, 876, 899, 848, 773, 882, 865, 871, 722, 767, 901, 901] | x_batch: [14416, 60, 42]
Batch 30 Executing Forward Pass...
Batch 30 Executing CustomMSELoss (Base)...
Batch 30 Executing CustomMSELoss (Delta)...
Batch 30 Executing Backward Pass...
Batch 30 Executing Gradient Clipping...
Batch 30 Executing Optimizer Step...
Batch 30 ENDED SUCCESSFULLY.

Batch 31 Start | Seq Lengths: [856, 870, 773, 901, 898, 897, 720, 900, 896, 899, 777, 848, 858, 900, 896, 776] | x_batch: [14416, 60, 42]
Batch 31 Executing Forward Pass...
Batch 31 Executing CustomMSELoss (Base)...
Batch 31 Executing CustomMSELoss (Delta)...
Batch 31 Executing Backward Pass...
Batch 31 Executing Gradient Clipping...
Batch 31 Executing Optimizer Step...
Batch 31 ENDED SUCCESSFULLY.

Batch 32 Start | Seq Lengths: [901, 901, 901, 780, 901, 901, 895, 897, 779, 899, 901, 901, 901, 781, 901, 901] | x_batch: [14416, 60, 42]
Batch 32 Executing Forward Pass...
Batch 32 Executing CustomMSELoss (Base)...
Batch 32 Executing CustomMSELoss (Delta)...
Batch 32 Executing Backward Pass...
Batch 32 Executing Gradient Clipping...
Batch 32 Executing Optimizer Step...
Batch 32 ENDED SUCCESSFULLY.

Batch 33 Start | Seq Lengths: [901, 901, 777, 899, 901, 896, 901, 778, 901, 901, 901, 770, 901, 895, 900, 900] | x_batch: [14416, 60, 42]
Batch 33 Executing Forward Pass...
Batch 33 Executing CustomMSELoss (Base)...
Batch 33 Executing CustomMSELoss (Delta)...
Batch 33 Executing Backward Pass...
Batch 33 Executing Gradient Clipping...
Batch 33 Executing Optimizer Step...
Batch 33 ENDED SUCCESSFULLY.

Batch 34 Start | Seq Lengths: [775, 901, 897, 901, 901, 780, 901, 897, 901, 858, 780, 900, 856, 825, 901, 777] | x_batch: [14416, 60, 42]
Batch 34 Executing Forward Pass...
Batch 34 Executing CustomMSELoss (Base)...
Batch 34 Executing CustomMSELoss (Delta)...
Batch 34 Executing Backward Pass...
Batch 34 Executing Gradient Clipping...
Batch 34 Executing Optimizer Step...
Batch 34 ENDED SUCCESSFULLY.

Batch 35 Start | Seq Lengths: [901, 900, 901, 898, 901, 901, 901, 901, 780, 899, 901, 894, 860, 773, 901, 901] | x_batch: [14416, 60, 42]
Batch 35 Executing Forward Pass...
Batch 35 Executing CustomMSELoss (Base)...
Batch 35 Executing CustomMSELoss (Delta)...
Batch 35 Executing Backward Pass...
Batch 35 Executing Gradient Clipping...
Batch 35 Executing Optimizer Step...
Batch 35 ENDED SUCCESSFULLY.

Batch 36 Start | Seq Lengths: [886, 901, 781, 892, 901, 901, 894, 718, 901, 781, 332, 571, 781, 901, 900, 854] | x_batch: [14416, 60, 42]
Batch 36 Executing Forward Pass...
Batch 36 Executing CustomMSELoss (Base)...
Batch 36 Executing CustomMSELoss (Delta)...
Batch 36 Executing Backward Pass...
Batch 36 Executing Gradient Clipping...
Batch 36 Executing Optimizer Step...
Batch 36 ENDED SUCCESSFULLY.

Batch 37 Start | Seq Lengths: [897, 776, 900, 864, 900, 898, 762, 901, 871, 901, 899, 744, 901, 900, 895, 777] | x_batch: [14416, 60, 42]
Batch 37 Executing Forward Pass...
Batch 37 Executing CustomMSELoss (Base)...
Batch 37 Executing CustomMSELoss (Delta)...
Batch 37 Executing Backward Pass...
Batch 37 Executing Gradient Clipping...
Batch 37 Executing Optimizer Step...
Batch 37 ENDED SUCCESSFULLY.

Batch 38 Start | Seq Lengths: [901, 901, 901, 901, 778, 901, 898, 900, 897, 763, 901, 901, 895, 858, 756, 900] | x_batch: [14416, 60, 42]
Batch 38 Executing Forward Pass...
Batch 38 Executing CustomMSELoss (Base)...
Batch 38 Executing CustomMSELoss (Delta)...
Batch 38 Executing Backward Pass...
Batch 38 Executing Gradient Clipping...
Batch 38 Executing Optimizer Step...
Batch 38 ENDED SUCCESSFULLY.

Batch 39 Start | Seq Lengths: [897, 901, 860, 772, 896, 662, 901, 781, 902, 901, 895, 901, 751, 836, 901, 901] | x_batch: [14432, 60, 42]
Batch 39 Executing Forward Pass...
Batch 39 Executing CustomMSELoss (Base)...
Batch 39 Executing CustomMSELoss (Delta)...
Batch 39 Executing Backward Pass...
Batch 39 Executing Gradient Clipping...
Batch 39 Executing Optimizer Step...
Batch 39 ENDED SUCCESSFULLY.

Batch 40 Start | Seq Lengths: [778, 727, 895, 899, 764, 901, 781, 901, 881, 901, 901, 777, 901, 901, 899, 879] | x_batch: [14416, 60, 42]
Batch 40 Executing Forward Pass...
Batch 40 Executing CustomMSELoss (Base)...
Batch 40 Executing CustomMSELoss (Delta)...
Batch 40 Executing Backward Pass...
Batch 40 Executing Gradient Clipping...
Batch 40 Executing Optimizer Step...
Batch 40 ENDED SUCCESSFULLY.

Batch 41 Start | Seq Lengths: [770, 901, 890, 901, 901, 781, 901, 877, 901, 897, 771, 901, 901, 901, 901, 776] | x_batch: [14416, 60, 42]
Batch 41 Executing Forward Pass...
Batch 41 Executing CustomMSELoss (Base)...
Batch 41 Executing CustomMSELoss (Delta)...
Batch 41 Executing Backward Pass...
Batch 41 Executing Gradient Clipping...
Batch 41 Executing Optimizer Step...
Batch 41 ENDED SUCCESSFULLY.

Batch 42 Start | Seq Lengths: [901, 901, 901, 745, 901, 867, 901, 901, 776, 901, 900, 901, 891, 781, 901, 901] | x_batch: [14416, 60, 42]
Batch 42 Executing Forward Pass...
Batch 42 Executing CustomMSELoss (Base)...
Batch 42 Executing CustomMSELoss (Delta)...
Batch 42 Executing Backward Pass...
Batch 42 Executing Gradient Clipping...
Batch 42 Executing Optimizer Step...
Batch 42 ENDED SUCCESSFULLY.

Batch 43 Start | Seq Lengths: [901, 896, 780, 901, 779, 901, 901, 780, 896, 899, 897, 901, 780, 901, 901, 901] | x_batch: [14416, 60, 42]
Batch 43 Executing Forward Pass...
Batch 43 Executing CustomMSELoss (Base)...
Batch 43 Executing CustomMSELoss (Delta)...
Batch 43 Executing Backward Pass...
Batch 43 Executing Gradient Clipping...
Batch 43 Executing Optimizer Step...
Batch 43 ENDED SUCCESSFULLY.

Batch 44 Start | Seq Lengths: [901, 776, 901, 901, 901, 899, 779, 901, 901, 895, 901, 781, 901, 893, 901, 901] | x_batch: [14416, 60, 42]
Batch 44 Executing Forward Pass...
Batch 44 Executing CustomMSELoss (Base)...
Batch 44 Executing CustomMSELoss (Delta)...
Batch 44 Executing Backward Pass...
Batch 44 Executing Gradient Clipping...
Batch 44 Executing Optimizer Step...
Batch 44 ENDED SUCCESSFULLY.

Batch 45 Start | Seq Lengths: [781, 901, 901, 901, 901, 781, 901, 901, 901, 721, 901, 901, 896, 901, 776, 901] | x_batch: [14416, 60, 42]
Batch 45 Executing Forward Pass...
Batch 45 Executing CustomMSELoss (Base)...
Batch 45 Executing CustomMSELoss (Delta)...
Batch 45 Executing Backward Pass...
Batch 45 Executing Gradient Clipping...
Batch 45 Executing Optimizer Step...
Batch 45 ENDED SUCCESSFULLY.

Batch 46 Start | Seq Lengths: [901, 901, 778, 901, 893, 898, 901, 781, 901, 898, 884, 901, 780, 721, 901, 901] | x_batch: [14416, 60, 42]
Batch 46 Executing Forward Pass...
Batch 46 Executing CustomMSELoss (Base)...
Batch 46 Executing CustomMSELoss (Delta)...
Batch 46 Executing Backward Pass...
Batch 46 Executing Gradient Clipping...
Batch 46 Executing Optimizer Step...
Batch 46 ENDED SUCCESSFULLY.

Batch 47 Start | Seq Lengths: [779, 901, 901, 901, 781, 901, 901, 901, 900, 778, 901, 896, 900, 901, 769, 901] | x_batch: [14416, 60, 42]
Batch 47 Executing Forward Pass...
Batch 47 Executing CustomMSELoss (Base)...
Batch 47 Executing CustomMSELoss (Delta)...
Batch 47 Executing Backward Pass...
Batch 47 Executing Gradient Clipping...
Batch 47 Executing Optimizer Step...
Batch 47 ENDED SUCCESSFULLY.

Batch 48 Start | Seq Lengths: [867, 891, 779, 901, 901, 901, 901, 777, 851, 901, 896, 893, 777, 892, 896, 897] | x_batch: [14416, 60, 42]
Batch 48 Executing Forward Pass...
Batch 48 Executing CustomMSELoss (Base)...
Batch 48 Executing CustomMSELoss (Delta)...
Batch 48 Executing Backward Pass...
Batch 48 Executing Gradient Clipping...
Batch 48 Executing Optimizer Step...
Batch 48 ENDED SUCCESSFULLY.

Batch 49 Start | Seq Lengths: [901, 778, 901, 873, 899, 754, 893, 888, 888, 901, 780, 897, 875, 864, 901, 780] | x_batch: [14416, 60, 42]
Batch 49 Executing Forward Pass...
Batch 49 Executing CustomMSELoss (Base)...
Batch 49 Executing CustomMSELoss (Delta)...
Batch 49 Executing Backward Pass...
Batch 49 Executing Gradient Clipping...
Batch 49 Executing Optimizer Step...
Batch 49 ENDED SUCCESSFULLY.

Batch 50 Start | Seq Lengths: [885, 901, 873, 851, 779, 896, 901, 901, 901, 781, 901, 901, 901, 813, 778, 901] | x_batch: [14416, 60, 42]
Batch 50 Executing Forward Pass...
Batch 50 Executing CustomMSELoss (Base)...
Batch 50 Executing CustomMSELoss (Delta)...
Batch 50 Executing Backward Pass...
Batch 50 Executing Gradient Clipping...
Batch 50 Executing Optimizer Step...
Batch 50 ENDED SUCCESSFULLY.

Batch 51 Start | Seq Lengths: [862, 901, 901, 781, 890, 901, 899, 880, 760, 890, 901, 901, 896, 844, 891, 901] | x_batch: [14416, 60, 42]
Batch 51 Executing Forward Pass...
Batch 51 Executing CustomMSELoss (Base)...
Batch 51 Executing CustomMSELoss (Delta)...
Batch 51 Executing Backward Pass...
Batch 51 Executing Gradient Clipping...
Batch 51 Executing Optimizer Step...
Batch 51 ENDED SUCCESSFULLY.

Batch 52 Start | Seq Lengths: [901, 780, 898, 901, 901, 901, 780, 901, 881, 901, 901, 781, 901, 901, 901, 896] | x_batch: [14416, 60, 42]
Batch 52 Executing Forward Pass...
Batch 52 Executing CustomMSELoss (Base)...
Batch 52 Executing CustomMSELoss (Delta)...
Batch 52 Executing Backward Pass...
Batch 52 Executing Gradient Clipping...
Batch 52 Executing Optimizer Step...
Batch 52 ENDED SUCCESSFULLY.

Batch 53 Start | Seq Lengths: [779, 901, 866, 883, 901, 780, 900, 901, 889, 781, 901, 900, 893, 883, 774, 898] | x_batch: [14416, 60, 42]
Batch 53 Executing Forward Pass...
Batch 53 Executing CustomMSELoss (Base)...
Batch 53 Executing CustomMSELoss (Delta)...
Batch 53 Executing Backward Pass...
Batch 53 Executing Gradient Clipping...
Batch 53 Executing Optimizer Step...
Batch 53 ENDED SUCCESSFULLY.

Batch 54 Start | Seq Lengths: [867, 901, 899, 772, 901, 890, 891, 901, 781, 901, 901, 884, 901, 778, 901, 886] | x_batch: [14416, 60, 42]
Batch 54 Executing Forward Pass...
Batch 54 Executing CustomMSELoss (Base)...
Batch 54 Executing CustomMSELoss (Delta)...
Batch 54 Executing Backward Pass...
Batch 54 Executing Gradient Clipping...
Batch 54 Executing Optimizer Step...
Batch 54 ENDED SUCCESSFULLY.

Batch 55 Start | Seq Lengths: [721, 780, 901, 901, 862, 888, 752, 878, 901, 895, 901, 780, 901, 900, 897, 898] | x_batch: [14416, 60, 42]
Batch 55 Executing Forward Pass...
Batch 55 Executing CustomMSELoss (Base)...
Batch 55 Executing CustomMSELoss (Delta)...
Batch 55 Executing Backward Pass...
Batch 55 Executing Gradient Clipping...
Batch 55 Executing Optimizer Step...
Batch 55 ENDED SUCCESSFULLY.

Batch 56 Start | Seq Lengths: [763, 901, 901, 901, 899, 772, 901, 893, 901, 901, 780, 900, 875, 901, 901, 776] | x_batch: [14416, 60, 42]
Batch 56 Executing Forward Pass...
Batch 56 Executing CustomMSELoss (Base)...
Batch 56 Executing CustomMSELoss (Delta)...
Batch 56 Executing Backward Pass...
Batch 56 Executing Gradient Clipping...
Batch 56 Executing Optimizer Step...
Batch 56 ENDED SUCCESSFULLY.

Batch 57 Start | Seq Lengths: [901, 901, 901, 901, 779, 901, 901, 901, 901, 781, 901, 900, 901, 762, 901, 898] | x_batch: [14416, 60, 42]
Batch 57 Executing Forward Pass...
Batch 57 Executing CustomMSELoss (Base)...
Batch 57 Executing CustomMSELoss (Delta)...
Batch 57 Executing Backward Pass...
Batch 57 Executing Gradient Clipping...
Batch 57 Executing Optimizer Step...
Batch 57 ENDED SUCCESSFULLY.

Batch 58 Start | Seq Lengths: [901, 901, 771, 901, 898, 891, 901, 776, 898, 901, 899, 901, 753, 901, 901, 901] | x_batch: [14416, 60, 42]
Batch 58 Executing Forward Pass...
Batch 58 Executing CustomMSELoss (Base)...
Batch 58 Executing CustomMSELoss (Delta)...
Batch 58 Executing Backward Pass...
Batch 58 Executing Gradient Clipping...
Batch 58 Executing Optimizer Step...
Batch 58 ENDED SUCCESSFULLY.

Batch 59 Start | Seq Lengths: [901, 779, 901, 901, 901, 901, 780, 901, 889, 901, 900, 775, 901, 898, 901, 900] | x_batch: [14416, 60, 42]
Batch 59 Executing Forward Pass...
Batch 59 Executing CustomMSELoss (Base)...
Batch 59 Executing CustomMSELoss (Delta)...
Batch 59 Executing Backward Pass...
Batch 59 Executing Gradient Clipping...
Batch 59 Executing Optimizer Step...
Batch 59 ENDED SUCCESSFULLY.

Batch 60 Start | Seq Lengths: [706, 901, 901, 901, 901, 777, 900, 899, 889, 901, 773, 901, 901, 901, 901, 781] | x_batch: [14416, 60, 42]
Batch 60 Executing Forward Pass...
Batch 60 Executing CustomMSELoss (Base)...
Batch 60 Executing CustomMSELoss (Delta)...
Batch 60 Executing Backward Pass...
Batch 60 Executing Gradient Clipping...
Batch 60 Executing Optimizer Step...
Batch 60 ENDED SUCCESSFULLY.

Batch 61 Start | Seq Lengths: [901, 897, 901, 901, 777, 901, 878, 900, 700, 899, 901, 898, 901, 779, 892, 901] | x_batch: [14416, 60, 42]
Batch 61 Executing Forward Pass...
Batch 61 Executing CustomMSELoss (Base)...
Batch 61 Executing CustomMSELoss (Delta)...
Batch 61 Executing Backward Pass...
Batch 61 Executing Gradient Clipping...
Batch 61 Executing Optimizer Step...
Batch 61 ENDED SUCCESSFULLY.

Batch 62 Start | Seq Lengths: [901, 901, 781, 901, 901, 884, 884, 775, 901, 721, 897, 778, 901, 892, 901, 781] | x_batch: [14416, 60, 42]
Batch 62 Executing Forward Pass...
Batch 62 Executing CustomMSELoss (Base)...
Batch 62 Executing CustomMSELoss (Delta)...
Batch 62 Executing Backward Pass...
Batch 62 Executing Gradient Clipping...
Batch 62 Executing Optimizer Step...
Batch 62 ENDED SUCCESSFULLY.

Batch 63 Start | Seq Lengths: [901, 901, 901, 901, 781, 901, 901, 901, 901, 781, 901, 900, 901, 781, 901, 901] | x_batch: [14416, 60, 42]
Batch 63 Executing Forward Pass...
Batch 63 Executing CustomMSELoss (Base)...
Batch 63 Executing CustomMSELoss (Delta)...
Batch 63 Executing Backward Pass...
Batch 63 Executing Gradient Clipping...
Batch 63 Executing Optimizer Step...
Batch 63 ENDED SUCCESSFULLY.

Batch 64 Start | Seq Lengths: [901, 901, 781, 901, 901, 901, 901, 780, 901, 899, 901, 901, 753, 901, 901, 901] | x_batch: [14416, 60, 42]
Batch 64 Executing Forward Pass...
Batch 64 Executing CustomMSELoss (Base)...
Batch 64 Executing CustomMSELoss (Delta)...
Batch 64 Executing Backward Pass...
Batch 64 Executing Gradient Clipping...
Batch 64 Executing Optimizer Step...
Batch 64 ENDED SUCCESSFULLY.

Batch 65 Start | Seq Lengths: [781, 901, 901, 901, 901, 781, 901, 901, 901, 901, 781, 901, 901, 901, 901, 781] | x_batch: [14416, 60, 42]
Batch 65 Executing Forward Pass...
Batch 65 Executing CustomMSELoss (Base)...
Batch 65 Executing CustomMSELoss (Delta)...
Batch 65 Executing Backward Pass...
Batch 65 Executing Gradient Clipping...
Batch 65 Executing Optimizer Step...
Batch 65 ENDED SUCCESSFULLY.

Batch 66 Start | Seq Lengths: [901, 901, 901, 901, 781, 901, 901, 901, 901, 781, 901, 901, 901, 901, 779, 901] | x_batch: [14416, 60, 42]
Batch 66 Executing Forward Pass...
Batch 66 Executing CustomMSELoss (Base)...
Batch 66 Executing CustomMSELoss (Delta)...
Batch 66 Executing Backward Pass...
Batch 66 Executing Gradient Clipping...
Batch 66 Executing Optimizer Step...
Batch 66 ENDED SUCCESSFULLY.

Batch 67 Start | Seq Lengths: [901, 898, 901, 901, 901, 901, 901, 781, 901, 901, 901, 901, 781, 901, 901, 901] | x_batch: [14416, 60, 42]
Batch 67 Executing Forward Pass...
Batch 67 Executing CustomMSELoss (Base)...
Batch 67 Executing CustomMSELoss (Delta)...
Batch 67 Executing Backward Pass...
Batch 67 Executing Gradient Clipping...
Batch 67 Executing Optimizer Step...
