--- SKIP TEST STARTED ---
Batch 65 Start | Seq Lengths: [781, 901, 901, 901, 901, 781, 901, 901, 901, 901, 781, 901, 901, 901, 901, 781] | x_batch: [14416, 60, 42]
Batch 65 Forward & Loss...
Batch 65 Backward...
Batch 65 Optimizer Step...
Batch 65 Synchronizing GPU...
Batch 65 ENDED SUCCESSFULLY.

Batch 66 Start | Seq Lengths: [901, 901, 901, 901, 781, 901, 901, 901, 901, 781, 901, 901, 901, 901, 779, 901] | x_batch: [14416, 60, 42]
Batch 66 Forward & Loss...
Batch 66 Backward...
Batch 66 Optimizer Step...
Batch 66 Synchronizing GPU...
Batch 66 ENDED SUCCESSFULLY.

Batch 67 Start | Seq Lengths: [901, 898, 901, 901, 901, 901, 901, 781, 901, 901, 901, 901, 781, 901, 901, 901] | x_batch: [14416, 60, 42]
Batch 67 Forward & Loss...
Batch 67 Backward...
Batch 67 Optimizer Step...
Batch 67 Synchronizing GPU...
Batch 67 ENDED SUCCESSFULLY.

Batch 68 Start | Seq Lengths: [901, 781, 901, 901, 901, 901, 781, 901, 901, 901, 901, 781, 901, 901, 901, 901] | x_batch: [14416, 60, 42]
Batch 68 Forward & Loss...
Batch 68 Backward...
Batch 68 Optimizer Step...
Batch 68 Synchronizing GPU...
Batch 68 ENDED SUCCESSFULLY.

Batch 69 Start | Seq Lengths: [779, 900, 901, 886, 781, 901, 901, 901, 898, 781, 901, 898, 901, 901, 780, 901] | x_batch: [14416, 60, 42]
Batch 69 Forward & Loss...
Batch 69 Backward...
Batch 69 Optimizer Step...
Batch 69 Synchronizing GPU...
Batch 69 ENDED SUCCESSFULLY.

Batch 70 Start | Seq Lengths: [901, 901, 901, 781, 901, 901, 901, 901, 781, 890, 901, 901, 901, 901, 901, 893] | x_batch: [14416, 60, 42]
Batch 70 Forward & Loss...
Batch 70 Backward...
Batch 70 Optimizer Step...
Batch 70 Synchronizing GPU...
Batch 70 ENDED SUCCESSFULLY.

Batch 71 Start | Seq Lengths: [878, 773, 901, 901, 901, 901, 781, 901, 901, 900, 901, 779, 901, 881, 901, 901] | x_batch: [14416, 60, 42]
Batch 71 Forward & Loss...
Batch 71 Backward...
Batch 71 Optimizer Step...
Batch 71 Synchronizing GPU...
Batch 71 ENDED SUCCESSFULLY.

Batch 72 Start | Seq Lengths: [781, 901, 901, 900, 901, 781, 901, 901, 901, 901, 781, 898, 901, 901, 901, 781] | x_batch: [14416, 60, 42]
Batch 72 Forward & Loss...
Batch 72 Backward...
Batch 72 Optimizer Step...
Batch 72 Synchronizing GPU...
Batch 72 ENDED SUCCESSFULLY.

Batch 73 Start | Seq Lengths: [901, 900, 901, 901, 781, 901, 901, 901, 901, 781, 901, 901, 901, 781, 901, 901] | x_batch: [14416, 60, 42]
Batch 73 Forward & Loss...
Batch 73 Backward...
Batch 73 Optimizer Step...
Batch 73 Synchronizing GPU...
Batch 73 ENDED SUCCESSFULLY.

Batch 74 Start | Seq Lengths: [901, 901, 781, 901, 901, 901, 901, 781, 901, 901, 901, 901, 781, 901, 901, 901] | x_batch: [14416, 60, 42]
Batch 74 Forward & Loss...
Batch 74 Backward...
Batch 74 Optimizer Step...
Batch 74 Synchronizing GPU...
Batch 74 ENDED SUCCESSFULLY.

Batch 75 Start | Seq Lengths: [901, 781, 901, 901, 901, 901, 781, 901, 901, 901, 901, 781, 901, 901, 901, 901] | x_batch: [14416, 60, 42]
Batch 75 Forward & Loss...
Batch 75 Backward...
Batch 75 Optimizer Step...
Batch 75 Synchronizing GPU...
Batch 75 ENDED SUCCESSFULLY.

Batch 76 Start | Seq Lengths: [781, 901, 901, 901, 901, 781, 901, 901, 901, 901, 781, 901, 901, 901, 901, 781] | x_batch: [14416, 60, 42]
Batch 76 Forward & Loss...
Batch 76 Backward...
Batch 76 Optimizer Step...
Batch 76 Synchronizing GPU...
Batch 76 ENDED SUCCESSFULLY.

Batch 77 Start | Seq Lengths: [901, 901, 901, 721, 901, 901, 901, 893, 781, 901, 901, 901, 901, 781, 901, 901] | x_batch: [14416, 60, 42]
Batch 77 Forward & Loss...
Batch 77 Backward...
Batch 77 Optimizer Step...
Batch 77 Synchronizing GPU...
Batch 77 ENDED SUCCESSFULLY.

Batch 78 Start | Seq Lengths: [901, 901, 781, 901, 901, 901, 721, 901, 901, 901, 901, 901, 901, 901, 901, 781] | x_batch: [14416, 60, 42]
Batch 78 Forward & Loss...
Batch 78 Backward...
Batch 78 Optimizer Step...
Batch 78 Synchronizing GPU...
Batch 78 ENDED SUCCESSFULLY.

Batch 79 Start | Seq Lengths: [901, 901, 901, 901, 781, 901, 901, 901, 781, 901, 901, 901, 901, 781, 901, 901] | x_batch: [14416, 60, 42]
Batch 79 Forward & Loss...
Batch 79 Backward...
Batch 79 Optimizer Step...
Batch 79 Synchronizing GPU...
Batch 79 ENDED SUCCESSFULLY.

Batch 80 Start | Seq Lengths: [901, 901, 780, 901, 901, 901, 901, 781, 901, 901, 901, 781, 901, 901, 901, 901] | x_batch: [14416, 60, 42]
Batch 80 Forward & Loss...
Batch 80 Backward...
Batch 80 Optimizer Step...
Batch 80 Synchronizing GPU...
Batch 80 ENDED SUCCESSFULLY.

Batch 81 Start | Seq Lengths: [781, 901, 901, 901, 901, 781, 901, 901, 901, 901, 781, 901, 901, 901, 901, 781] | x_batch: [14416, 60, 42]
Batch 81 Forward & Loss...
Batch 81 Backward...
Batch 81 Optimizer Step...
Batch 81 Synchronizing GPU...
Batch 81 ENDED SUCCESSFULLY.

Batch 82 Start | Seq Lengths: [901, 901, 897, 898, 776, 901, 901, 901, 901, 900, 901, 900, 901, 781, 901, 901] | x_batch: [14416, 60, 42]
Batch 82 Forward & Loss...
Batch 82 Backward...
Batch 82 Optimizer Step...
Batch 82 Synchronizing GPU...
Batch 82 ENDED SUCCESSFULLY.

Batch 83 Start | Seq Lengths: [901, 901, 781, 901, 901, 901, 901, 780, 901, 901, 901, 901, 781, 901, 901, 901] | x_batch: [14416, 60, 42]
Batch 83 Forward & Loss...
Batch 83 Backward...
Batch 83 Optimizer Step...
Batch 83 Synchronizing GPU...
Batch 83 ENDED SUCCESSFULLY.

Batch 84 Start | Seq Lengths: [901, 781, 901, 901, 900, 901, 781, 901, 901, 901, 901, 780, 901, 901, 899, 901] | x_batch: [14416, 60, 42]
Batch 84 Forward & Loss...
Batch 84 Backward...
Batch 84 Optimizer Step...
Batch 84 Synchronizing GPU...
Batch 84 ENDED SUCCESSFULLY.

Batch 85 Start | Seq Lengths: [781, 901, 899, 900, 767, 901, 901, 901, 898, 780, 901, 901, 901, 901, 781, 901] | x_batch: [14416, 60, 42]
Batch 85 Forward & Loss...
Batch 85 Backward...
Batch 85 Optimizer Step...
Batch 85 Synchronizing GPU...
Batch 85 ENDED SUCCESSFULLY.

Batch 86 Start | Seq Lengths: [901, 901, 901, 778, 901, 901, 901, 901, 781, 901, 901, 901, 781, 901, 901, 901] | x_batch: [14416, 60, 42]
Batch 86 Forward & Loss...
Batch 86 Backward...
Batch 86 Optimizer Step...
Batch 86 Synchronizing GPU...
Batch 86 ENDED SUCCESSFULLY.

Batch 87 Start | Seq Lengths: [901, 781, 901, 901, 901, 901, 780, 901, 901, 901, 901, 781, 901, 901, 901, 899] | x_batch: [14416, 60, 42]
Batch 87 Forward & Loss...
Batch 87 Backward...
Batch 87 Optimizer Step...
Batch 87 Synchronizing GPU...
Batch 87 ENDED SUCCESSFULLY.

Batch 88 Start | Seq Lengths: [781, 901, 901, 901, 901, 781, 901, 901, 901, 901, 777, 901, 901, 901, 901, 779] | x_batch: [14416, 60, 42]
Batch 88 Forward & Loss...
Batch 88 Backward...
Batch 88 Optimizer Step...
Batch 88 Synchronizing GPU...
Batch 88 ENDED SUCCESSFULLY.

Batch 89 Start | Seq Lengths: [901, 901, 901, 901, 781, 901, 901, 901, 780, 901, 901, 901, 901, 781, 901, 901] | x_batch: [14416, 60, 42]
Batch 89 Forward & Loss...
Batch 89 Backward...
Batch 89 Optimizer Step...
Batch 89 Synchronizing GPU...
Batch 89 ENDED SUCCESSFULLY.

Batch 90 Start | Seq Lengths: [900, 901, 780, 901, 901, 901, 901, 781, 901, 901, 901, 901, 781, 901, 901, 901] | x_batch: [14416, 60, 42]
Batch 90 Forward & Loss...
Batch 90 Backward...
Batch 90 Optimizer Step...
Batch 90 Synchronizing GPU...
Batch 90 ENDED SUCCESSFULLY.

Batch 91 Start | Seq Lengths: [901, 781, 901, 901, 901, 901, 781, 901, 901, 900, 901, 781, 901, 900, 900, 901] | x_batch: [14416, 60, 42]
Batch 91 Forward & Loss...
Batch 91 Backward...
Batch 91 Optimizer Step...
Batch 91 Synchronizing GPU...
Batch 91 ENDED SUCCESSFULLY.

Batch 92 Start | Seq Lengths: [781, 901, 901, 901, 901, 781, 901, 900, 901, 901, 781, 901, 901, 901, 720, 901] | x_batch: [14416, 60, 42]
Batch 92 Forward & Loss...
Batch 92 Backward...
Batch 92 Optimizer Step...
Batch 92 Synchronizing GPU...
Batch 92 ENDED SUCCESSFULLY.

Batch 93 Start | Seq Lengths: [901, 901, 901, 781, 901, 901, 901, 901, 781, 901, 901, 901, 901, 781, 901, 899] | x_batch: [14416, 60, 42]
Batch 93 Forward & Loss...
Batch 93 Backward...
Batch 93 Optimizer Step...
Batch 93 Synchronizing GPU...
Batch 93 ENDED SUCCESSFULLY.

Batch 94 Start | Seq Lengths: [901, 901, 901, 901, 901, 901, 777, 901, 901, 901, 901, 781, 901, 901, 901, 901] | x_batch: [14416, 60, 42]
Batch 94 Forward & Loss...
Batch 94 Backward...
Batch 94 Optimizer Step...
Batch 94 Synchronizing GPU...
Batch 94 ENDED SUCCESSFULLY.

Batch 95 Start | Seq Lengths: [779, 901, 901, 901, 781, 901, 901, 901, 901, 781, 901, 901, 901, 901, 781, 901] | x_batch: [14416, 60, 42]
Batch 95 Forward & Loss...
Batch 95 Backward...
Batch 95 Optimizer Step...
Batch 95 Synchronizing GPU...
Batch 95 ENDED SUCCESSFULLY.

Batch 96 Start | Seq Lengths: [900, 901, 901, 781, 901, 901, 900, 901, 781, 901, 901, 901, 781, 901, 901, 901] | x_batch: [14416, 60, 42]
Batch 96 Forward & Loss...
Batch 96 Backward...
Batch 96 Optimizer Step...
Batch 96 Synchronizing GPU...
Batch 96 ENDED SUCCESSFULLY.

Batch 97 Start | Seq Lengths: [901, 777, 901, 901, 901, 901, 779, 901, 901, 901, 901, 781, 901, 901, 901, 900] | x_batch: [14416, 60, 42]
Batch 97 Forward & Loss...
Batch 97 Backward...
Batch 97 Optimizer Step...
Batch 97 Synchronizing GPU...
Batch 97 ENDED SUCCESSFULLY.

Batch 98 Start | Seq Lengths: [781, 901, 901, 901, 901, 779, 901, 901, 901, 901, 780, 901, 901, 901, 901, 901] | x_batch: [14416, 60, 42]
Batch 98 Forward & Loss...
Batch 98 Backward...
Batch 98 Optimizer Step...
Batch 98 Synchronizing GPU...
Batch 98 ENDED SUCCESSFULLY.

Batch 99 Start | Seq Lengths: [901, 901, 901, 781, 901, 901, 901, 901, 781, 901, 901, 901, 901, 780, 901, 901] | x_batch: [14416, 60, 42]
Batch 99 Forward & Loss...
Batch 99 Backward...
Batch 99 Optimizer Step...
Batch 99 Synchronizing GPU...
Batch 99 ENDED SUCCESSFULLY.

Batch 100 Start | Seq Lengths: [901, 901, 781, 901, 901, 901, 901, 780, 901, 901, 901, 901, 781, 901, 901, 901] | x_batch: [14416, 60, 42]
Batch 100 Forward & Loss...
Batch 100 Backward...
Batch 100 Optimizer Step...
Batch 100 Synchronizing GPU...
Batch 100 ENDED SUCCESSFULLY.

Batch 101 Start | Seq Lengths: [781, 901, 901, 901, 901, 781, 901, 901, 901, 901, 781, 901, 901, 901, 781, 901] | x_batch: [14416, 60, 42]
Batch 101 Forward & Loss...
Batch 101 Backward...
Batch 101 Optimizer Step...
Batch 101 Synchronizing GPU...
Batch 101 ENDED SUCCESSFULLY.

Batch 102 Start | Seq Lengths: [901, 901, 901, 781, 901, 901, 901, 781, 901, 901, 901, 901, 781, 901, 901, 901] | x_batch: [14416, 60, 42]
Batch 102 Forward & Loss...
Batch 102 Backward...
Batch 102 Optimizer Step...
Batch 102 Synchronizing GPU...
Batch 102 ENDED SUCCESSFULLY.

Batch 103 Start | Seq Lengths: [901, 779, 901, 901, 901, 901, 781, 901, 901, 901, 901, 781, 901, 901, 901, 901] | x_batch: [14416, 60, 42]
Batch 103 Forward & Loss...
Batch 103 Backward...
Batch 103 Optimizer Step...
Batch 103 Synchronizing GPU...
Batch 103 ENDED SUCCESSFULLY.

Batch 104 Start | Seq Lengths: [781, 901, 901, 901, 901, 781, 901, 901, 901, 901, 781, 901, 901, 901, 901, 780] | x_batch: [14416, 60, 42]
Batch 104 Forward & Loss...
Batch 104 Backward...
Batch 104 Optimizer Step...
Batch 104 Synchronizing GPU...
Batch 104 ENDED SUCCESSFULLY.

Batch 105 Start | Seq Lengths: [901, 901, 901, 779, 901, 901, 901, 901, 780, 901, 901, 901, 901, 781, 901, 901] | x_batch: [14416, 60, 42]
Batch 105 Forward & Loss...
Batch 105 Backward...
Batch 105 Optimizer Step...
Batch 105 Synchronizing GPU...
Batch 105 ENDED SUCCESSFULLY.

Batch 106 Start | Seq Lengths: [901, 901, 781, 901, 901, 901, 901, 781, 901, 901, 901, 901, 781, 901, 901, 901] | x_batch: [14416, 60, 42]
Batch 106 Forward & Loss...
Batch 106 Backward...
Batch 106 Optimizer Step...
Batch 106 Synchronizing GPU...
Batch 106 ENDED SUCCESSFULLY.

Batch 107 Start | Seq Lengths: [901, 780, 901, 901, 901, 901, 781, 901, 901, 901, 901, 781, 901, 901, 901, 901] | x_batch: [14416, 60, 42]
Batch 107 Forward & Loss...
Batch 107 Backward...
Batch 107 Optimizer Step...
Batch 107 Synchronizing GPU...
Batch 107 ENDED SUCCESSFULLY.

Batch 108 Start | Seq Lengths: [781, 901, 901, 901, 901, 777, 901, 901, 901, 721, 901, 901, 901, 901, 779, 901] | x_batch: [14416, 60, 42]
Batch 108 Forward & Loss...
Batch 108 Backward...
Batch 108 Optimizer Step...
Batch 108 Synchronizing GPU...
Batch 108 ENDED SUCCESSFULLY.

Batch 109 Start | Seq Lengths: [901, 901, 901, 780, 901, 901, 901, 901, 781, 901, 901, 901, 901, 781, 901, 901] | x_batch: [14416, 60, 42]
Batch 109 Forward & Loss...
Batch 109 Backward...
Batch 109 Optimizer Step...
Batch 109 Synchronizing GPU...
Batch 109 ENDED SUCCESSFULLY.

Batch 110 Start | Seq Lengths: [901, 781, 901, 901, 901, 780, 901, 901, 901, 901, 780, 901, 901, 901, 781, 901] | x_batch: [14416, 60, 42]
Batch 110 Forward & Loss...
Batch 110 Backward...
Batch 110 Optimizer Step...
Batch 110 Synchronizing GPU...
Batch 110 ENDED SUCCESSFULLY.

Batch 111 Start | Seq Lengths: [901, 901, 901, 781, 901, 901, 901, 901, 781, 901, 901, 901, 901, 781, 901, 901] | x_batch: [14416, 60, 42]
Batch 111 Forward & Loss...
Batch 111 Backward...
Batch 111 Optimizer Step...
Batch 111 Synchronizing GPU...
Batch 111 ENDED SUCCESSFULLY.

